<?xml version="1.0" encoding="UTF-8"?>
<testsuite xmlns:xsi="http://www.w3.org/2001/XMLSchema-instance" xsi:noNamespaceSchemaLocation="https://maven.apache.org/surefire/maven-surefire-plugin/xsd/surefire-test-report-3.0.xsd" version="3.0" name="org.acme.LambdaHandlerTest" time="3.257" tests="1" errors="0" skipped="0" failures="0">
  <properties>
    <property name="java.specification.version" value="21"/>
    <property name="sun.jnu.encoding" value="UTF-8"/>
    <property name="test.url" value="http://localhost:8081"/>
    <property name="java.class.path" value="/Users/danieloh/Downloads/demo/serverless-java-in-action/examples/chapter3/quarkus-aws-requeststreamhandler/target/test-classes:/Users/danieloh/Downloads/demo/serverless-java-in-action/examples/chapter3/quarkus-aws-requeststreamhandler/target/classes:/Users/danieloh/.m2/repository/io/quarkus/quarkus-amazon-lambda/3.13.2/quarkus-amazon-lambda-3.13.2.jar:/Users/danieloh/.m2/repository/io/quarkus/quarkus-amazon-lambda-common/3.13.2/quarkus-amazon-lambda-common-3.13.2.jar:/Users/danieloh/.m2/repository/com/amazonaws/aws-lambda-java-core/1.2.3/aws-lambda-java-core-1.2.3.jar:/Users/danieloh/.m2/repository/com/amazonaws/aws-lambda-java-events/3.11.6/aws-lambda-java-events-3.11.6.jar:/Users/danieloh/.m2/repository/io/quarkus/quarkus-arc/3.13.2/quarkus-arc-3.13.2.jar:/Users/danieloh/.m2/repository/io/quarkus/arc/arc/3.13.2/arc-3.13.2.jar:/Users/danieloh/.m2/repository/jakarta/transaction/jakarta.transaction-api/2.0.1/jakarta.transaction-api-2.0.1.jar:/Users/danieloh/.m2/repository/io/smallrye/reactive/mutiny/2.6.2/mutiny-2.6.2.jar:/Users/danieloh/.m2/repository/org/jctools/jctools-core/4.0.5/jctools-core-4.0.5.jar:/Users/danieloh/.m2/repository/org/eclipse/microprofile/context-propagation/microprofile-context-propagation-api/1.3/microprofile-context-propagation-api-1.3.jar:/Users/danieloh/.m2/repository/io/quarkus/quarkus-jackson/3.13.2/quarkus-jackson-3.13.2.jar:/Users/danieloh/.m2/repository/com/fasterxml/jackson/core/jackson-databind/2.17.2/jackson-databind-2.17.2.jar:/Users/danieloh/.m2/repository/com/fasterxml/jackson/datatype/jackson-datatype-jsr310/2.17.2/jackson-datatype-jsr310-2.17.2.jar:/Users/danieloh/.m2/repository/com/fasterxml/jackson/datatype/jackson-datatype-jdk8/2.17.2/jackson-datatype-jdk8-2.17.2.jar:/Users/danieloh/.m2/repository/com/fasterxml/jackson/module/jackson-module-parameter-names/2.17.2/jackson-module-parameter-names-2.17.2.jar:/Users/danieloh/.m2/repository/com/fasterxml/jackson/datatype/jackson-datatype-joda/2.17.2/jackson-datatype-joda-2.17.2.jar:/Users/danieloh/.m2/repository/com/fasterxml/jackson/core/jackson-annotations/2.17.2/jackson-annotations-2.17.2.jar:/Users/danieloh/.m2/repository/com/fasterxml/jackson/core/jackson-core/2.17.2/jackson-core-2.17.2.jar:/Users/danieloh/.m2/repository/joda-time/joda-time/2.10.14/joda-time-2.10.14.jar:/Users/danieloh/.m2/repository/io/rest-assured/rest-assured/5.5.0/rest-assured-5.5.0.jar:/Users/danieloh/.m2/repository/org/apache/groovy/groovy/4.0.22/groovy-4.0.22.jar:/Users/danieloh/.m2/repository/org/apache/groovy/groovy-xml/4.0.22/groovy-xml-4.0.22.jar:/Users/danieloh/.m2/repository/org/apache/httpcomponents/httpclient/4.5.14/httpclient-4.5.14.jar:/Users/danieloh/.m2/repository/org/apache/httpcomponents/httpcore/4.4.16/httpcore-4.4.16.jar:/Users/danieloh/.m2/repository/commons-codec/commons-codec/1.17.1/commons-codec-1.17.1.jar:/Users/danieloh/.m2/repository/org/apache/httpcomponents/httpmime/4.5.14/httpmime-4.5.14.jar:/Users/danieloh/.m2/repository/org/hamcrest/hamcrest/2.2/hamcrest-2.2.jar:/Users/danieloh/.m2/repository/org/ccil/cowan/tagsoup/tagsoup/1.2.1/tagsoup-1.2.1.jar:/Users/danieloh/.m2/repository/io/rest-assured/json-path/5.5.0/json-path-5.5.0.jar:/Users/danieloh/.m2/repository/org/apache/groovy/groovy-json/4.0.22/groovy-json-4.0.22.jar:/Users/danieloh/.m2/repository/io/rest-assured/rest-assured-common/5.5.0/rest-assured-common-5.5.0.jar:/Users/danieloh/.m2/repository/io/rest-assured/xml-path/5.5.0/xml-path-5.5.0.jar:/Users/danieloh/.m2/repository/org/apache/commons/commons-lang3/3.15.0/commons-lang3-3.15.0.jar:/Users/danieloh/.m2/repository/io/quarkus/quarkus-junit5/3.13.2/quarkus-junit5-3.13.2.jar:/Users/danieloh/.m2/repository/io/quarkus/quarkus-bootstrap-core/3.13.2/quarkus-bootstrap-core-3.13.2.jar:/Users/danieloh/.m2/repository/io/quarkus/quarkus-classloader-commons/3.13.2/quarkus-classloader-commons-3.13.2.jar:/Users/danieloh/.m2/repository/io/quarkus/quarkus-bootstrap-app-model/3.13.2/quarkus-bootstrap-app-model-3.13.2.jar:/Users/danieloh/.m2/repository/io/smallrye/common/smallrye-common-io/2.5.0/smallrye-common-io-2.5.0.jar:/Users/danieloh/.m2/repository/org/eclipse/sisu/org.eclipse.sisu.inject/0.9.0.M3/org.eclipse.sisu.inject-0.9.0.M3.jar:/Users/danieloh/.m2/repository/io/quarkus/quarkus-test-common/3.13.2/quarkus-test-common-3.13.2.jar:/Users/danieloh/.m2/repository/io/quarkus/quarkus-core-deployment/3.13.2/quarkus-core-deployment-3.13.2.jar:/Users/danieloh/.m2/repository/org/aesh/readline/2.6/readline-2.6.jar:/Users/danieloh/.m2/repository/org/fusesource/jansi/jansi/2.4.0/jansi-2.4.0.jar:/Users/danieloh/.m2/repository/org/aesh/aesh/2.8.2/aesh-2.8.2.jar:/Users/danieloh/.m2/repository/io/quarkus/gizmo/gizmo/1.8.0/gizmo-1.8.0.jar:/Users/danieloh/.m2/repository/org/ow2/asm/asm-util/9.7/asm-util-9.7.jar:/Users/danieloh/.m2/repository/org/ow2/asm/asm-analysis/9.7/asm-analysis-9.7.jar:/Users/danieloh/.m2/repository/org/ow2/asm/asm/9.7/asm-9.7.jar:/Users/danieloh/.m2/repository/org/ow2/asm/asm-commons/9.7/asm-commons-9.7.jar:/Users/danieloh/.m2/repository/org/ow2/asm/asm-tree/9.7/asm-tree-9.7.jar:/Users/danieloh/.m2/repository/io/quarkus/quarkus-hibernate-validator-spi/3.13.2/quarkus-hibernate-validator-spi-3.13.2.jar:/Users/danieloh/.m2/repository/io/quarkus/quarkus-class-change-agent/3.13.2/quarkus-class-change-agent-3.13.2.jar:/Users/danieloh/.m2/repository/io/quarkus/quarkus-devtools-utilities/3.13.2/quarkus-devtools-utilities-3.13.2.jar:/Users/danieloh/.m2/repository/io/quarkus/quarkus-builder/3.13.2/quarkus-builder-3.13.2.jar:/Users/danieloh/.m2/repository/org/graalvm/sdk/nativeimage/23.1.2/nativeimage-23.1.2.jar:/Users/danieloh/.m2/repository/org/graalvm/sdk/word/23.1.2/word-23.1.2.jar:/Users/danieloh/.m2/repository/org/junit/platform/junit-platform-launcher/1.10.3/junit-platform-launcher-1.10.3.jar:/Users/danieloh/.m2/repository/io/quarkus/quarkus-bootstrap-maven-resolver/3.13.2/quarkus-bootstrap-maven-resolver-3.13.2.jar:/Users/danieloh/.m2/repository/io/smallrye/beanbag/smallrye-beanbag-maven/1.5.2/smallrye-beanbag-maven-1.5.2.jar:/Users/danieloh/.m2/repository/io/smallrye/beanbag/smallrye-beanbag-sisu/1.5.2/smallrye-beanbag-sisu-1.5.2.jar:/Users/danieloh/.m2/repository/io/smallrye/beanbag/smallrye-beanbag/1.5.2/smallrye-beanbag-1.5.2.jar:/Users/danieloh/.m2/repository/javax/inject/javax.inject/1/javax.inject-1.jar:/Users/danieloh/.m2/repository/org/apache/maven/maven-artifact/3.9.8/maven-artifact-3.9.8.jar:/Users/danieloh/.m2/repository/org/apache/maven/maven-builder-support/3.9.8/maven-builder-support-3.9.8.jar:/Users/danieloh/.m2/repository/org/apache/maven/maven-model/3.9.8/maven-model-3.9.8.jar:/Users/danieloh/.m2/repository/org/apache/maven/maven-model-builder/3.9.8/maven-model-builder-3.9.8.jar:/Users/danieloh/.m2/repository/org/apache/maven/maven-repository-metadata/3.9.8/maven-repository-metadata-3.9.8.jar:/Users/danieloh/.m2/repository/org/apache/maven/maven-settings/3.9.8/maven-settings-3.9.8.jar:/Users/danieloh/.m2/repository/org/apache/maven/resolver/maven-resolver-api/1.9.20/maven-resolver-api-1.9.20.jar:/Users/danieloh/.m2/repository/org/apache/maven/resolver/maven-resolver-impl/1.9.20/maven-resolver-impl-1.9.20.jar:/Users/danieloh/.m2/repository/org/apache/maven/resolver/maven-resolver-named-locks/1.9.20/maven-resolver-named-locks-1.9.20.jar:/Users/danieloh/.m2/repository/org/apache/maven/resolver/maven-resolver-spi/1.9.20/maven-resolver-spi-1.9.20.jar:/Users/danieloh/.m2/repository/org/apache/maven/resolver/maven-resolver-util/1.9.20/maven-resolver-util-1.9.20.jar:/Users/danieloh/.m2/repository/org/apache/maven/resolver/maven-resolver-transport-http/1.9.20/maven-resolver-transport-http-1.9.20.jar:/Users/danieloh/.m2/repository/org/apache/maven/wagon/wagon-provider-api/3.5.3/wagon-provider-api-3.5.3.jar:/Users/danieloh/.m2/repository/org/apache/maven/wagon/wagon-http-shared/3.5.3/wagon-http-shared-3.5.3.jar:/Users/danieloh/.m2/repository/org/codehaus/plexus/plexus-interpolation/1.26/plexus-interpolation-1.26.jar:/Users/danieloh/.m2/repository/org/codehaus/plexus/plexus-utils/3.5.1/plexus-utils-3.5.1.jar:/Users/danieloh/.m2/repository/org/codehaus/plexus/plexus-xml/4.0.1/plexus-xml-4.0.1.jar:/Users/danieloh/.m2/repository/org/apache/maven/maven-xml-impl/4.0.0-alpha-5/maven-xml-impl-4.0.0-alpha-5.jar:/Users/danieloh/.m2/repository/org/apache/maven/maven-api-xml/4.0.0-alpha-5/maven-api-xml-4.0.0-alpha-5.jar:/Users/danieloh/.m2/repository/org/apache/maven/maven-api-meta/4.0.0-alpha-5/maven-api-meta-4.0.0-alpha-5.jar:/Users/danieloh/.m2/repository/org/codehaus/plexus/plexus-cipher/2.0/plexus-cipher-2.0.jar:/Users/danieloh/.m2/repository/org/codehaus/plexus/plexus-sec-dispatcher/2.0/plexus-sec-dispatcher-2.0.jar:/Users/danieloh/.m2/repository/org/apache/maven/maven-embedder/3.9.8/maven-embedder-3.9.8.jar:/Users/danieloh/.m2/repository/org/apache/maven/maven-core/3.9.8/maven-core-3.9.8.jar:/Users/danieloh/.m2/repository/org/codehaus/plexus/plexus-component-annotations/2.1.0/plexus-component-annotations-2.1.0.jar:/Users/danieloh/.m2/repository/org/apache/maven/maven-plugin-api/3.9.8/maven-plugin-api-3.9.8.jar:/Users/danieloh/.m2/repository/org/apache/maven/shared/maven-shared-utils/3.4.2/maven-shared-utils-3.4.2.jar:/Users/danieloh/.m2/repository/com/google/inject/guice/5.1.0/guice-5.1.0.jar:/Users/danieloh/.m2/repository/aopalliance/aopalliance/1.0/aopalliance-1.0.jar:/Users/danieloh/.m2/repository/com/google/guava/guava/33.2.1-jre/guava-33.2.1-jre.jar:/Users/danieloh/.m2/repository/com/google/guava/failureaccess/1.0.1/failureaccess-1.0.1.jar:/Users/danieloh/.m2/repository/javax/annotation/javax.annotation-api/1.3.2/javax.annotation-api-1.3.2.jar:/Users/danieloh/.m2/repository/org/codehaus/plexus/plexus-classworlds/2.6.0/plexus-classworlds-2.6.0.jar:/Users/danieloh/.m2/repository/commons-cli/commons-cli/1.8.0/commons-cli-1.8.0.jar:/Users/danieloh/.m2/repository/org/eclipse/sisu/org.eclipse.sisu.plexus/0.9.0.M3/org.eclipse.sisu.plexus-0.9.0.M3.jar:/Users/danieloh/.m2/repository/org/apache/maven/maven-settings-builder/3.9.8/maven-settings-builder-3.9.8.jar:/Users/danieloh/.m2/repository/org/apache/maven/maven-resolver-provider/3.9.8/maven-resolver-provider-3.9.8.jar:/Users/danieloh/.m2/repository/org/apache/maven/resolver/maven-resolver-connector-basic/1.9.20/maven-resolver-connector-basic-1.9.20.jar:/Users/danieloh/.m2/repository/org/apache/maven/resolver/maven-resolver-transport-wagon/1.9.20/maven-resolver-transport-wagon-1.9.20.jar:/Users/danieloh/.m2/repository/org/apache/maven/wagon/wagon-http/3.5.3/wagon-http-3.5.3.jar:/Users/danieloh/.m2/repository/org/apache/maven/wagon/wagon-file/3.5.3/wagon-file-3.5.3.jar:/Users/danieloh/.m2/repository/io/quarkus/quarkus-bootstrap-gradle-resolver/3.13.2/quarkus-bootstrap-gradle-resolver-3.13.2.jar:/Users/danieloh/.m2/repository/io/smallrye/jandex/3.2.1/jandex-3.2.1.jar:/Users/danieloh/.m2/repository/commons-io/commons-io/2.16.1/commons-io-2.16.1.jar:/Users/danieloh/.m2/repository/org/jboss/logging/commons-logging-jboss-logging/1.0.0.Final/commons-logging-jboss-logging-1.0.0.Final.jar:/Users/danieloh/.m2/repository/io/quarkus/quarkus-junit5-properties/3.13.2/quarkus-junit5-properties-3.13.2.jar:/Users/danieloh/.m2/repository/org/junit/jupiter/junit-jupiter/5.10.3/junit-jupiter-5.10.3.jar:/Users/danieloh/.m2/repository/org/junit/jupiter/junit-jupiter-api/5.10.3/junit-jupiter-api-5.10.3.jar:/Users/danieloh/.m2/repository/org/opentest4j/opentest4j/1.3.0/opentest4j-1.3.0.jar:/Users/danieloh/.m2/repository/org/junit/platform/junit-platform-commons/1.10.3/junit-platform-commons-1.10.3.jar:/Users/danieloh/.m2/repository/org/apiguardian/apiguardian-api/1.1.2/apiguardian-api-1.1.2.jar:/Users/danieloh/.m2/repository/org/junit/jupiter/junit-jupiter-params/5.10.3/junit-jupiter-params-5.10.3.jar:/Users/danieloh/.m2/repository/org/junit/jupiter/junit-jupiter-engine/5.10.3/junit-jupiter-engine-5.10.3.jar:/Users/danieloh/.m2/repository/org/junit/platform/junit-platform-engine/1.10.3/junit-platform-engine-1.10.3.jar:/Users/danieloh/.m2/repository/io/quarkus/quarkus-core/3.13.2/quarkus-core-3.13.2.jar:/Users/danieloh/.m2/repository/jakarta/annotation/jakarta.annotation-api/3.0.0/jakarta.annotation-api-3.0.0.jar:/Users/danieloh/.m2/repository/jakarta/enterprise/jakarta.enterprise.cdi-api/4.1.0/jakarta.enterprise.cdi-api-4.1.0.jar:/Users/danieloh/.m2/repository/jakarta/enterprise/jakarta.enterprise.lang-model/4.1.0/jakarta.enterprise.lang-model-4.1.0.jar:/Users/danieloh/.m2/repository/jakarta/el/jakarta.el-api/5.0.1/jakarta.el-api-5.0.1.jar:/Users/danieloh/.m2/repository/jakarta/interceptor/jakarta.interceptor-api/2.2.0/jakarta.interceptor-api-2.2.0.jar:/Users/danieloh/.m2/repository/jakarta/inject/jakarta.inject-api/2.0.1/jakarta.inject-api-2.0.1.jar:/Users/danieloh/.m2/repository/io/smallrye/common/smallrye-common-os/2.5.0/smallrye-common-os-2.5.0.jar:/Users/danieloh/.m2/repository/io/quarkus/quarkus-ide-launcher/3.13.2/quarkus-ide-launcher-3.13.2.jar:/Users/danieloh/.m2/repository/io/quarkus/quarkus-development-mode-spi/3.13.2/quarkus-development-mode-spi-3.13.2.jar:/Users/danieloh/.m2/repository/io/smallrye/config/smallrye-config/3.9.1/smallrye-config-3.9.1.jar:/Users/danieloh/.m2/repository/io/smallrye/config/smallrye-config-core/3.9.1/smallrye-config-core-3.9.1.jar:/Users/danieloh/.m2/repository/org/eclipse/microprofile/config/microprofile-config-api/3.1/microprofile-config-api-3.1.jar:/Users/danieloh/.m2/repository/io/smallrye/common/smallrye-common-annotation/2.5.0/smallrye-common-annotation-2.5.0.jar:/Users/danieloh/.m2/repository/io/smallrye/common/smallrye-common-classloader/2.5.0/smallrye-common-classloader-2.5.0.jar:/Users/danieloh/.m2/repository/io/smallrye/config/smallrye-config-common/3.9.1/smallrye-config-common-3.9.1.jar:/Users/danieloh/.m2/repository/org/jboss/logging/jboss-logging/3.6.0.Final/jboss-logging-3.6.0.Final.jar:/Users/danieloh/.m2/repository/org/jboss/logmanager/jboss-logmanager/3.0.6.Final/jboss-logmanager-3.0.6.Final.jar:/Users/danieloh/.m2/repository/io/smallrye/common/smallrye-common-constraint/2.5.0/smallrye-common-constraint-2.5.0.jar:/Users/danieloh/.m2/repository/io/smallrye/common/smallrye-common-cpu/2.5.0/smallrye-common-cpu-2.5.0.jar:/Users/danieloh/.m2/repository/io/smallrye/common/smallrye-common-expression/2.5.0/smallrye-common-expression-2.5.0.jar:/Users/danieloh/.m2/repository/io/smallrye/common/smallrye-common-function/2.5.0/smallrye-common-function-2.5.0.jar:/Users/danieloh/.m2/repository/io/smallrye/common/smallrye-common-net/2.5.0/smallrye-common-net-2.5.0.jar:/Users/danieloh/.m2/repository/io/smallrye/common/smallrye-common-ref/2.5.0/smallrye-common-ref-2.5.0.jar:/Users/danieloh/.m2/repository/jakarta/json/jakarta.json-api/2.1.3/jakarta.json-api-2.1.3.jar:/Users/danieloh/.m2/repository/org/eclipse/parsson/parsson/1.1.7/parsson-1.1.7.jar:/Users/danieloh/.m2/repository/org/jboss/logging/jboss-logging-annotations/3.0.0.Final/jboss-logging-annotations-3.0.0.Final.jar:/Users/danieloh/.m2/repository/org/jboss/threads/jboss-threads/3.6.1.Final/jboss-threads-3.6.1.Final.jar:/Users/danieloh/.m2/repository/org/slf4j/slf4j-api/2.0.6/slf4j-api-2.0.6.jar:/Users/danieloh/.m2/repository/org/jboss/slf4j/slf4j-jboss-logmanager/2.0.0.Final/slf4j-jboss-logmanager-2.0.0.Final.jar:/Users/danieloh/.m2/repository/org/wildfly/common/wildfly-common/1.7.0.Final/wildfly-common-1.7.0.Final.jar:/Users/danieloh/.m2/repository/io/quarkus/quarkus-bootstrap-runner/3.13.2/quarkus-bootstrap-runner-3.13.2.jar:/Users/danieloh/.m2/repository/io/github/crac/org-crac/0.1.3/org-crac-0.1.3.jar:/Users/danieloh/.m2/repository/io/quarkus/quarkus-fs-util/0.0.10/quarkus-fs-util-0.0.10.jar:/Users/danieloh/.m2/repository/org/jboss/marshalling/jboss-marshalling/2.1.4.SP1/jboss-marshalling-2.1.4.SP1.jar:"/>
    <property name="java.vm.vendor" value="Eclipse Adoptium"/>
    <property name="sun.arch.data.model" value="64"/>
    <property name="java.vendor.url" value="https://adoptium.net/"/>
    <property name="user.timezone" value="America/New_York"/>
    <property name="logging.initial-configurator.min-level" value="500"/>
    <property name="os.name" value="Mac OS X"/>
    <property name="java.vm.specification.version" value="21"/>
    <property name="sun.java.launcher" value="SUN_STANDARD"/>
    <property name="user.country" value="US"/>
    <property name="groovy.use.classvalue" value="false"/>
    <property name="quarkus.http.test-port" value="8081"/>
    <property name="sun.boot.library.path" value="/Users/danieloh/.sdkman/candidates/java/21.0.1-tem/lib"/>
    <property name="sun.java.command" value="/Users/danieloh/Downloads/demo/serverless-java-in-action/examples/chapter3/quarkus-aws-requeststreamhandler/target/surefire/surefirebooter-20240930213833164_3.jar /Users/danieloh/Downloads/demo/serverless-java-in-action/examples/chapter3/quarkus-aws-requeststreamhandler/target/surefire 2024-09-30T21-38-33_110-jvmRun1 surefire-20240930213833164_1tmp surefire_0-20240930213833164_2tmp"/>
    <property name="http.nonProxyHosts" value="local|*.local|169.254/16|*.169.254/16|127.0.0.1:21300|*.127.0.0.1:21300|localhost|*.localhost|lx.astxsvc.com|*.lx.astxsvc.com"/>
    <property name="jdk.debug" value="release"/>
    <property name="maven.home" value="/Users/danieloh/.m2/wrapper/dists/apache-maven-3.9.6-bin/3311e1d4/apache-maven-3.9.6"/>
    <property name="surefire.test.class.path" value="/Users/danieloh/Downloads/demo/serverless-java-in-action/examples/chapter3/quarkus-aws-requeststreamhandler/target/test-classes:/Users/danieloh/Downloads/demo/serverless-java-in-action/examples/chapter3/quarkus-aws-requeststreamhandler/target/classes:/Users/danieloh/.m2/repository/io/quarkus/quarkus-amazon-lambda/3.13.2/quarkus-amazon-lambda-3.13.2.jar:/Users/danieloh/.m2/repository/io/quarkus/quarkus-amazon-lambda-common/3.13.2/quarkus-amazon-lambda-common-3.13.2.jar:/Users/danieloh/.m2/repository/com/amazonaws/aws-lambda-java-core/1.2.3/aws-lambda-java-core-1.2.3.jar:/Users/danieloh/.m2/repository/com/amazonaws/aws-lambda-java-events/3.11.6/aws-lambda-java-events-3.11.6.jar:/Users/danieloh/.m2/repository/io/quarkus/quarkus-arc/3.13.2/quarkus-arc-3.13.2.jar:/Users/danieloh/.m2/repository/io/quarkus/arc/arc/3.13.2/arc-3.13.2.jar:/Users/danieloh/.m2/repository/jakarta/transaction/jakarta.transaction-api/2.0.1/jakarta.transaction-api-2.0.1.jar:/Users/danieloh/.m2/repository/io/smallrye/reactive/mutiny/2.6.2/mutiny-2.6.2.jar:/Users/danieloh/.m2/repository/org/jctools/jctools-core/4.0.5/jctools-core-4.0.5.jar:/Users/danieloh/.m2/repository/org/eclipse/microprofile/context-propagation/microprofile-context-propagation-api/1.3/microprofile-context-propagation-api-1.3.jar:/Users/danieloh/.m2/repository/io/quarkus/quarkus-jackson/3.13.2/quarkus-jackson-3.13.2.jar:/Users/danieloh/.m2/repository/com/fasterxml/jackson/core/jackson-databind/2.17.2/jackson-databind-2.17.2.jar:/Users/danieloh/.m2/repository/com/fasterxml/jackson/datatype/jackson-datatype-jsr310/2.17.2/jackson-datatype-jsr310-2.17.2.jar:/Users/danieloh/.m2/repository/com/fasterxml/jackson/datatype/jackson-datatype-jdk8/2.17.2/jackson-datatype-jdk8-2.17.2.jar:/Users/danieloh/.m2/repository/com/fasterxml/jackson/module/jackson-module-parameter-names/2.17.2/jackson-module-parameter-names-2.17.2.jar:/Users/danieloh/.m2/repository/com/fasterxml/jackson/datatype/jackson-datatype-joda/2.17.2/jackson-datatype-joda-2.17.2.jar:/Users/danieloh/.m2/repository/com/fasterxml/jackson/core/jackson-annotations/2.17.2/jackson-annotations-2.17.2.jar:/Users/danieloh/.m2/repository/com/fasterxml/jackson/core/jackson-core/2.17.2/jackson-core-2.17.2.jar:/Users/danieloh/.m2/repository/joda-time/joda-time/2.10.14/joda-time-2.10.14.jar:/Users/danieloh/.m2/repository/io/rest-assured/rest-assured/5.5.0/rest-assured-5.5.0.jar:/Users/danieloh/.m2/repository/org/apache/groovy/groovy/4.0.22/groovy-4.0.22.jar:/Users/danieloh/.m2/repository/org/apache/groovy/groovy-xml/4.0.22/groovy-xml-4.0.22.jar:/Users/danieloh/.m2/repository/org/apache/httpcomponents/httpclient/4.5.14/httpclient-4.5.14.jar:/Users/danieloh/.m2/repository/org/apache/httpcomponents/httpcore/4.4.16/httpcore-4.4.16.jar:/Users/danieloh/.m2/repository/commons-codec/commons-codec/1.17.1/commons-codec-1.17.1.jar:/Users/danieloh/.m2/repository/org/apache/httpcomponents/httpmime/4.5.14/httpmime-4.5.14.jar:/Users/danieloh/.m2/repository/org/hamcrest/hamcrest/2.2/hamcrest-2.2.jar:/Users/danieloh/.m2/repository/org/ccil/cowan/tagsoup/tagsoup/1.2.1/tagsoup-1.2.1.jar:/Users/danieloh/.m2/repository/io/rest-assured/json-path/5.5.0/json-path-5.5.0.jar:/Users/danieloh/.m2/repository/org/apache/groovy/groovy-json/4.0.22/groovy-json-4.0.22.jar:/Users/danieloh/.m2/repository/io/rest-assured/rest-assured-common/5.5.0/rest-assured-common-5.5.0.jar:/Users/danieloh/.m2/repository/io/rest-assured/xml-path/5.5.0/xml-path-5.5.0.jar:/Users/danieloh/.m2/repository/org/apache/commons/commons-lang3/3.15.0/commons-lang3-3.15.0.jar:/Users/danieloh/.m2/repository/io/quarkus/quarkus-junit5/3.13.2/quarkus-junit5-3.13.2.jar:/Users/danieloh/.m2/repository/io/quarkus/quarkus-bootstrap-core/3.13.2/quarkus-bootstrap-core-3.13.2.jar:/Users/danieloh/.m2/repository/io/quarkus/quarkus-classloader-commons/3.13.2/quarkus-classloader-commons-3.13.2.jar:/Users/danieloh/.m2/repository/io/quarkus/quarkus-bootstrap-app-model/3.13.2/quarkus-bootstrap-app-model-3.13.2.jar:/Users/danieloh/.m2/repository/io/smallrye/common/smallrye-common-io/2.5.0/smallrye-common-io-2.5.0.jar:/Users/danieloh/.m2/repository/org/eclipse/sisu/org.eclipse.sisu.inject/0.9.0.M3/org.eclipse.sisu.inject-0.9.0.M3.jar:/Users/danieloh/.m2/repository/io/quarkus/quarkus-test-common/3.13.2/quarkus-test-common-3.13.2.jar:/Users/danieloh/.m2/repository/io/quarkus/quarkus-core-deployment/3.13.2/quarkus-core-deployment-3.13.2.jar:/Users/danieloh/.m2/repository/org/aesh/readline/2.6/readline-2.6.jar:/Users/danieloh/.m2/repository/org/fusesource/jansi/jansi/2.4.0/jansi-2.4.0.jar:/Users/danieloh/.m2/repository/org/aesh/aesh/2.8.2/aesh-2.8.2.jar:/Users/danieloh/.m2/repository/io/quarkus/gizmo/gizmo/1.8.0/gizmo-1.8.0.jar:/Users/danieloh/.m2/repository/org/ow2/asm/asm-util/9.7/asm-util-9.7.jar:/Users/danieloh/.m2/repository/org/ow2/asm/asm-analysis/9.7/asm-analysis-9.7.jar:/Users/danieloh/.m2/repository/org/ow2/asm/asm/9.7/asm-9.7.jar:/Users/danieloh/.m2/repository/org/ow2/asm/asm-commons/9.7/asm-commons-9.7.jar:/Users/danieloh/.m2/repository/org/ow2/asm/asm-tree/9.7/asm-tree-9.7.jar:/Users/danieloh/.m2/repository/io/quarkus/quarkus-hibernate-validator-spi/3.13.2/quarkus-hibernate-validator-spi-3.13.2.jar:/Users/danieloh/.m2/repository/io/quarkus/quarkus-class-change-agent/3.13.2/quarkus-class-change-agent-3.13.2.jar:/Users/danieloh/.m2/repository/io/quarkus/quarkus-devtools-utilities/3.13.2/quarkus-devtools-utilities-3.13.2.jar:/Users/danieloh/.m2/repository/io/quarkus/quarkus-builder/3.13.2/quarkus-builder-3.13.2.jar:/Users/danieloh/.m2/repository/org/graalvm/sdk/nativeimage/23.1.2/nativeimage-23.1.2.jar:/Users/danieloh/.m2/repository/org/graalvm/sdk/word/23.1.2/word-23.1.2.jar:/Users/danieloh/.m2/repository/org/junit/platform/junit-platform-launcher/1.10.3/junit-platform-launcher-1.10.3.jar:/Users/danieloh/.m2/repository/io/quarkus/quarkus-bootstrap-maven-resolver/3.13.2/quarkus-bootstrap-maven-resolver-3.13.2.jar:/Users/danieloh/.m2/repository/io/smallrye/beanbag/smallrye-beanbag-maven/1.5.2/smallrye-beanbag-maven-1.5.2.jar:/Users/danieloh/.m2/repository/io/smallrye/beanbag/smallrye-beanbag-sisu/1.5.2/smallrye-beanbag-sisu-1.5.2.jar:/Users/danieloh/.m2/repository/io/smallrye/beanbag/smallrye-beanbag/1.5.2/smallrye-beanbag-1.5.2.jar:/Users/danieloh/.m2/repository/javax/inject/javax.inject/1/javax.inject-1.jar:/Users/danieloh/.m2/repository/org/apache/maven/maven-artifact/3.9.8/maven-artifact-3.9.8.jar:/Users/danieloh/.m2/repository/org/apache/maven/maven-builder-support/3.9.8/maven-builder-support-3.9.8.jar:/Users/danieloh/.m2/repository/org/apache/maven/maven-model/3.9.8/maven-model-3.9.8.jar:/Users/danieloh/.m2/repository/org/apache/maven/maven-model-builder/3.9.8/maven-model-builder-3.9.8.jar:/Users/danieloh/.m2/repository/org/apache/maven/maven-repository-metadata/3.9.8/maven-repository-metadata-3.9.8.jar:/Users/danieloh/.m2/repository/org/apache/maven/maven-settings/3.9.8/maven-settings-3.9.8.jar:/Users/danieloh/.m2/repository/org/apache/maven/resolver/maven-resolver-api/1.9.20/maven-resolver-api-1.9.20.jar:/Users/danieloh/.m2/repository/org/apache/maven/resolver/maven-resolver-impl/1.9.20/maven-resolver-impl-1.9.20.jar:/Users/danieloh/.m2/repository/org/apache/maven/resolver/maven-resolver-named-locks/1.9.20/maven-resolver-named-locks-1.9.20.jar:/Users/danieloh/.m2/repository/org/apache/maven/resolver/maven-resolver-spi/1.9.20/maven-resolver-spi-1.9.20.jar:/Users/danieloh/.m2/repository/org/apache/maven/resolver/maven-resolver-util/1.9.20/maven-resolver-util-1.9.20.jar:/Users/danieloh/.m2/repository/org/apache/maven/resolver/maven-resolver-transport-http/1.9.20/maven-resolver-transport-http-1.9.20.jar:/Users/danieloh/.m2/repository/org/apache/maven/wagon/wagon-provider-api/3.5.3/wagon-provider-api-3.5.3.jar:/Users/danieloh/.m2/repository/org/apache/maven/wagon/wagon-http-shared/3.5.3/wagon-http-shared-3.5.3.jar:/Users/danieloh/.m2/repository/org/codehaus/plexus/plexus-interpolation/1.26/plexus-interpolation-1.26.jar:/Users/danieloh/.m2/repository/org/codehaus/plexus/plexus-utils/3.5.1/plexus-utils-3.5.1.jar:/Users/danieloh/.m2/repository/org/codehaus/plexus/plexus-xml/4.0.1/plexus-xml-4.0.1.jar:/Users/danieloh/.m2/repository/org/apache/maven/maven-xml-impl/4.0.0-alpha-5/maven-xml-impl-4.0.0-alpha-5.jar:/Users/danieloh/.m2/repository/org/apache/maven/maven-api-xml/4.0.0-alpha-5/maven-api-xml-4.0.0-alpha-5.jar:/Users/danieloh/.m2/repository/org/apache/maven/maven-api-meta/4.0.0-alpha-5/maven-api-meta-4.0.0-alpha-5.jar:/Users/danieloh/.m2/repository/org/codehaus/plexus/plexus-cipher/2.0/plexus-cipher-2.0.jar:/Users/danieloh/.m2/repository/org/codehaus/plexus/plexus-sec-dispatcher/2.0/plexus-sec-dispatcher-2.0.jar:/Users/danieloh/.m2/repository/org/apache/maven/maven-embedder/3.9.8/maven-embedder-3.9.8.jar:/Users/danieloh/.m2/repository/org/apache/maven/maven-core/3.9.8/maven-core-3.9.8.jar:/Users/danieloh/.m2/repository/org/codehaus/plexus/plexus-component-annotations/2.1.0/plexus-component-annotations-2.1.0.jar:/Users/danieloh/.m2/repository/org/apache/maven/maven-plugin-api/3.9.8/maven-plugin-api-3.9.8.jar:/Users/danieloh/.m2/repository/org/apache/maven/shared/maven-shared-utils/3.4.2/maven-shared-utils-3.4.2.jar:/Users/danieloh/.m2/repository/com/google/inject/guice/5.1.0/guice-5.1.0.jar:/Users/danieloh/.m2/repository/aopalliance/aopalliance/1.0/aopalliance-1.0.jar:/Users/danieloh/.m2/repository/com/google/guava/guava/33.2.1-jre/guava-33.2.1-jre.jar:/Users/danieloh/.m2/repository/com/google/guava/failureaccess/1.0.1/failureaccess-1.0.1.jar:/Users/danieloh/.m2/repository/javax/annotation/javax.annotation-api/1.3.2/javax.annotation-api-1.3.2.jar:/Users/danieloh/.m2/repository/org/codehaus/plexus/plexus-classworlds/2.6.0/plexus-classworlds-2.6.0.jar:/Users/danieloh/.m2/repository/commons-cli/commons-cli/1.8.0/commons-cli-1.8.0.jar:/Users/danieloh/.m2/repository/org/eclipse/sisu/org.eclipse.sisu.plexus/0.9.0.M3/org.eclipse.sisu.plexus-0.9.0.M3.jar:/Users/danieloh/.m2/repository/org/apache/maven/maven-settings-builder/3.9.8/maven-settings-builder-3.9.8.jar:/Users/danieloh/.m2/repository/org/apache/maven/maven-resolver-provider/3.9.8/maven-resolver-provider-3.9.8.jar:/Users/danieloh/.m2/repository/org/apache/maven/resolver/maven-resolver-connector-basic/1.9.20/maven-resolver-connector-basic-1.9.20.jar:/Users/danieloh/.m2/repository/org/apache/maven/resolver/maven-resolver-transport-wagon/1.9.20/maven-resolver-transport-wagon-1.9.20.jar:/Users/danieloh/.m2/repository/org/apache/maven/wagon/wagon-http/3.5.3/wagon-http-3.5.3.jar:/Users/danieloh/.m2/repository/org/apache/maven/wagon/wagon-file/3.5.3/wagon-file-3.5.3.jar:/Users/danieloh/.m2/repository/io/quarkus/quarkus-bootstrap-gradle-resolver/3.13.2/quarkus-bootstrap-gradle-resolver-3.13.2.jar:/Users/danieloh/.m2/repository/io/smallrye/jandex/3.2.1/jandex-3.2.1.jar:/Users/danieloh/.m2/repository/commons-io/commons-io/2.16.1/commons-io-2.16.1.jar:/Users/danieloh/.m2/repository/org/jboss/logging/commons-logging-jboss-logging/1.0.0.Final/commons-logging-jboss-logging-1.0.0.Final.jar:/Users/danieloh/.m2/repository/io/quarkus/quarkus-junit5-properties/3.13.2/quarkus-junit5-properties-3.13.2.jar:/Users/danieloh/.m2/repository/org/junit/jupiter/junit-jupiter/5.10.3/junit-jupiter-5.10.3.jar:/Users/danieloh/.m2/repository/org/junit/jupiter/junit-jupiter-api/5.10.3/junit-jupiter-api-5.10.3.jar:/Users/danieloh/.m2/repository/org/opentest4j/opentest4j/1.3.0/opentest4j-1.3.0.jar:/Users/danieloh/.m2/repository/org/junit/platform/junit-platform-commons/1.10.3/junit-platform-commons-1.10.3.jar:/Users/danieloh/.m2/repository/org/apiguardian/apiguardian-api/1.1.2/apiguardian-api-1.1.2.jar:/Users/danieloh/.m2/repository/org/junit/jupiter/junit-jupiter-params/5.10.3/junit-jupiter-params-5.10.3.jar:/Users/danieloh/.m2/repository/org/junit/jupiter/junit-jupiter-engine/5.10.3/junit-jupiter-engine-5.10.3.jar:/Users/danieloh/.m2/repository/org/junit/platform/junit-platform-engine/1.10.3/junit-platform-engine-1.10.3.jar:/Users/danieloh/.m2/repository/io/quarkus/quarkus-core/3.13.2/quarkus-core-3.13.2.jar:/Users/danieloh/.m2/repository/jakarta/annotation/jakarta.annotation-api/3.0.0/jakarta.annotation-api-3.0.0.jar:/Users/danieloh/.m2/repository/jakarta/enterprise/jakarta.enterprise.cdi-api/4.1.0/jakarta.enterprise.cdi-api-4.1.0.jar:/Users/danieloh/.m2/repository/jakarta/enterprise/jakarta.enterprise.lang-model/4.1.0/jakarta.enterprise.lang-model-4.1.0.jar:/Users/danieloh/.m2/repository/jakarta/el/jakarta.el-api/5.0.1/jakarta.el-api-5.0.1.jar:/Users/danieloh/.m2/repository/jakarta/interceptor/jakarta.interceptor-api/2.2.0/jakarta.interceptor-api-2.2.0.jar:/Users/danieloh/.m2/repository/jakarta/inject/jakarta.inject-api/2.0.1/jakarta.inject-api-2.0.1.jar:/Users/danieloh/.m2/repository/io/smallrye/common/smallrye-common-os/2.5.0/smallrye-common-os-2.5.0.jar:/Users/danieloh/.m2/repository/io/quarkus/quarkus-ide-launcher/3.13.2/quarkus-ide-launcher-3.13.2.jar:/Users/danieloh/.m2/repository/io/quarkus/quarkus-development-mode-spi/3.13.2/quarkus-development-mode-spi-3.13.2.jar:/Users/danieloh/.m2/repository/io/smallrye/config/smallrye-config/3.9.1/smallrye-config-3.9.1.jar:/Users/danieloh/.m2/repository/io/smallrye/config/smallrye-config-core/3.9.1/smallrye-config-core-3.9.1.jar:/Users/danieloh/.m2/repository/org/eclipse/microprofile/config/microprofile-config-api/3.1/microprofile-config-api-3.1.jar:/Users/danieloh/.m2/repository/io/smallrye/common/smallrye-common-annotation/2.5.0/smallrye-common-annotation-2.5.0.jar:/Users/danieloh/.m2/repository/io/smallrye/common/smallrye-common-classloader/2.5.0/smallrye-common-classloader-2.5.0.jar:/Users/danieloh/.m2/repository/io/smallrye/config/smallrye-config-common/3.9.1/smallrye-config-common-3.9.1.jar:/Users/danieloh/.m2/repository/org/jboss/logging/jboss-logging/3.6.0.Final/jboss-logging-3.6.0.Final.jar:/Users/danieloh/.m2/repository/org/jboss/logmanager/jboss-logmanager/3.0.6.Final/jboss-logmanager-3.0.6.Final.jar:/Users/danieloh/.m2/repository/io/smallrye/common/smallrye-common-constraint/2.5.0/smallrye-common-constraint-2.5.0.jar:/Users/danieloh/.m2/repository/io/smallrye/common/smallrye-common-cpu/2.5.0/smallrye-common-cpu-2.5.0.jar:/Users/danieloh/.m2/repository/io/smallrye/common/smallrye-common-expression/2.5.0/smallrye-common-expression-2.5.0.jar:/Users/danieloh/.m2/repository/io/smallrye/common/smallrye-common-function/2.5.0/smallrye-common-function-2.5.0.jar:/Users/danieloh/.m2/repository/io/smallrye/common/smallrye-common-net/2.5.0/smallrye-common-net-2.5.0.jar:/Users/danieloh/.m2/repository/io/smallrye/common/smallrye-common-ref/2.5.0/smallrye-common-ref-2.5.0.jar:/Users/danieloh/.m2/repository/jakarta/json/jakarta.json-api/2.1.3/jakarta.json-api-2.1.3.jar:/Users/danieloh/.m2/repository/org/eclipse/parsson/parsson/1.1.7/parsson-1.1.7.jar:/Users/danieloh/.m2/repository/org/jboss/logging/jboss-logging-annotations/3.0.0.Final/jboss-logging-annotations-3.0.0.Final.jar:/Users/danieloh/.m2/repository/org/jboss/threads/jboss-threads/3.6.1.Final/jboss-threads-3.6.1.Final.jar:/Users/danieloh/.m2/repository/org/slf4j/slf4j-api/2.0.6/slf4j-api-2.0.6.jar:/Users/danieloh/.m2/repository/org/jboss/slf4j/slf4j-jboss-logmanager/2.0.0.Final/slf4j-jboss-logmanager-2.0.0.Final.jar:/Users/danieloh/.m2/repository/org/wildfly/common/wildfly-common/1.7.0.Final/wildfly-common-1.7.0.Final.jar:/Users/danieloh/.m2/repository/io/quarkus/quarkus-bootstrap-runner/3.13.2/quarkus-bootstrap-runner-3.13.2.jar:/Users/danieloh/.m2/repository/io/github/crac/org-crac/0.1.3/org-crac-0.1.3.jar:/Users/danieloh/.m2/repository/io/quarkus/quarkus-fs-util/0.0.10/quarkus-fs-util-0.0.10.jar:/Users/danieloh/.m2/repository/org/jboss/marshalling/jboss-marshalling/2.1.4.SP1/jboss-marshalling-2.1.4.SP1.jar:"/>
    <property name="sun.cpu.endian" value="little"/>
    <property name="user.home" value="/Users/danieloh"/>
    <property name="user.language" value="en"/>
    <property name="jboss.log-version" value="false"/>
    <property name="java.specification.vendor" value="Oracle Corporation"/>
    <property name="java.version.date" value="2023-10-17"/>
    <property name="java.home" value="/Users/danieloh/.sdkman/candidates/java/21.0.1-tem"/>
    <property name="file.separator" value="/"/>
    <property name="basedir" value="/Users/danieloh/Downloads/demo/serverless-java-in-action/examples/chapter3/quarkus-aws-requeststreamhandler"/>
    <property name="java.vm.compressedOopsMode" value="Zero based"/>
    <property name="line.separator" value="&#10;"/>
    <property name="java.vm.specification.vendor" value="Oracle Corporation"/>
    <property name="java.specification.name" value="Java Platform API Specification"/>
    <property name="apple.awt.application.name" value="ForkedBooter"/>
    <property name="surefire.real.class.path" value="/Users/danieloh/Downloads/demo/serverless-java-in-action/examples/chapter3/quarkus-aws-requeststreamhandler/target/surefire/surefirebooter-20240930213833164_3.jar"/>
    <property name="maven.compiler.release" value="21"/>
    <property name="sun.management.compiler" value="HotSpot 64-Bit Tiered Compilers"/>
    <property name="ftp.nonProxyHosts" value="local|*.local|169.254/16|*.169.254/16|127.0.0.1:21300|*.127.0.0.1:21300|localhost|*.localhost|lx.astxsvc.com|*.lx.astxsvc.com"/>
    <property name="java.runtime.version" value="21.0.1+12-LTS"/>
    <property name="user.name" value="danieloh"/>
    <property name="stdout.encoding" value="UTF-8"/>
    <property name="path.separator" value=":"/>
    <property name="os.version" value="15.0"/>
    <property name="java.runtime.name" value="OpenJDK Runtime Environment"/>
    <property name="file.encoding" value="UTF-8"/>
    <property name="java.vm.name" value="OpenJDK 64-Bit Server VM"/>
    <property name="java.vendor.version" value="Temurin-21.0.1+12"/>
    <property name="localRepository" value="/Users/danieloh/.m2/repository"/>
    <property name="java.vendor.url.bug" value="https://github.com/adoptium/adoptium-support/issues"/>
    <property name="java.io.tmpdir" value="/var/folders/4x/sv8dhlxx45v4ltpyj_544k000000gn/T/"/>
    <property name="quarkus.log.file.path" value="target/quarkus.log"/>
    <property name="java.version" value="21.0.1"/>
    <property name="java.util.concurrent.ForkJoinPool.common.threadFactory" value="io.quarkus.bootstrap.forkjoin.QuarkusForkJoinWorkerThreadFactory"/>
    <property name="user.dir" value="/Users/danieloh/Downloads/demo/serverless-java-in-action/examples/chapter3/quarkus-aws-requeststreamhandler"/>
    <property name="os.arch" value="aarch64"/>
    <property name="java.vm.specification.name" value="Java Virtual Machine Specification"/>
    <property name="com.amazonaws.xray.traceHeader" value="6a3aebd6-2b61-483f-b03a-c42b31fda378"/>
    <property name="native.encoding" value="UTF-8"/>
    <property name="java.util.logging.manager" value="org.jboss.logmanager.LogManager"/>
    <property name="java.library.path" value="/Users/danieloh/Library/Java/Extensions:/Library/Java/Extensions:/Network/Library/Java/Extensions:/System/Library/Java/Extensions:/usr/lib/java:."/>
    <property name="java.vm.info" value="mixed mode"/>
    <property name="stderr.encoding" value="UTF-8"/>
    <property name="java.vendor" value="Eclipse Adoptium"/>
    <property name="java.vm.version" value="21.0.1+12-LTS"/>
    <property name="sun.io.unicode.encoding" value="UnicodeBig"/>
    <property name="socksNonProxyHosts" value="local|*.local|169.254/16|*.169.254/16|127.0.0.1:21300|*.127.0.0.1:21300|localhost|*.localhost|lx.astxsvc.com|*.lx.astxsvc.com"/>
    <property name="java.class.version" value="65.0"/>
  </properties>
  <testcase name="testSimpleLambdaSuccess" classname="org.acme.LambdaHandlerTest" time="0.717">
    <system-out><![CDATA[&amp#27;[90mDownloading from &amp#27;[0mcentral&amp#27;[90m: https://repo.maven.apache.org/maven2/&amp#27;[0mio/quarkus/quarkus-bom-quarkus-platform-properties/3.13.2/quarkus-bom-quarkus-platform-properties-3.13.2.properties
Downloaded&amp#27;[90m from &amp#27;[0mcentral&amp#27;[90m: https://repo.maven.apache.org/maven2/&amp#27;[0mio/quarkus/quarkus-bom-quarkus-platform-properties/3.13.2/quarkus-bom-quarkus-platform-properties-3.13.2.properties&amp#27;[90m (45 B at 185 B/s)&amp#27;[0m
2024-09-30 21:38:35,515 WARN  [io.net.res.dns.DnsServerAddressStreamProviders] (build-21) Can not find io.netty.resolver.dns.macos.MacOSDnsServerAddressStreamProvider in the classpath, fallback to system defaults. This may result in incorrect DNS resolutions on MacOS. Check whether you have a dependency on 'io.netty:netty-resolver-dns-native-macos'
2024-09-30 21:38:35,606 INFO  [io.qua.ama.lam.run.MockEventServer] (build-21) Mock Lambda Event Server Started
2024-09-30 21:38:35,863 WARN  [io.qua.config] (main) Unrecognized configuration key "quarkus.http.test-port" was provided; it will be ignored; verify that the dependency extension for this configuration is set or that you did not make a typo
2024-09-30 21:38:36,169 INFO  [io.qua.ama.lam.run.AbstractLambdaPollLoop] (Lambda Thread (TEST)) Listening on: http://localhost:8081/_lambda_/2018-06-01/runtime/invocation/next
2024-09-30 21:38:36,189 INFO  [io.quarkus] (main) quarkus-aws-requeststreamhandler 1.0-SNAPSHOT on JVM (powered by Quarkus 3.13.2) started in 1.144s. 
2024-09-30 21:38:36,190 INFO  [io.quarkus] (main) Profile test activated. 
2024-09-30 21:38:36,190 INFO  [io.quarkus] (main) Installed features: [amazon-lambda, cdi]
]]></system-out>
  </testcase>
</testsuite>